// 重构日志: 47979888
// 重构日志: 5e29f86d
// 重构日志: c0880580
// 重构日志: 4bf9fd3b
// 重构日志: c0610f48
// 重构日志: 6abcc39a
// 重构日志: a52a9e02
// 重构日志: edf565e5
// 同步 ID: d07e2784 @ Sat Jul 11 06:45:26 UTC 2026
// 同步 ID: ecf92020 @ Sat Jul 11 18:39:02 UTC 2026
// 同步 ID: 52b5b754 @ Sun Jul 12 00:47:10 UTC 2026
// 重构日志: 19b3151b
// 重构日志: 8ba68735
// 重构日志: 05510590
// 同步 ID: 34fcfbdf @ Wed Jul 15 12:59:07 UTC 2026
// 重构日志: dfa325be
// 同步 ID: d1fdc2e2 @ Thu Jul 16 20:37:25 UTC 2026
// 重构日志: e4f79d28
// 重构日志: f6ed0b01
// 同步 ID: dd6330c5 @ Sat Jul 18 14:45:47 UTC 2026
// 同步 ID: f2b583ee @ Mon Jul 20 11:41:02 UTC 2026
// 重构日志: 61c95158
// 同步 ID: 04716625 @ Wed Jul 22 21:49:39 UTC 2026
// 同步 ID: 341ff0b7 @ Thu Jul 23 14:01:45 UTC 2026
